2013-09-05 00:09:38.825 Habitual[62985:c07] Multi-tasking -> Device: YES, App: YES
2013-09-05 00:09:39.154 Habitual[62985:c07] Resetting plugins due to page load.
2013-09-05 00:09:39.341 Habitual[62985:c07] Finished load of: file:///Users/travis/Library/Application%20Support/iPhone%20Simulator/6.1/Applications/0040E229-2B4D-4A5D-97F5-09D9465B0169/Habitual.app/www/index.html
Terminating in response to SpringBoard's termination.
2013-09-05 00:12:49.914 Habitual[63334:c07] Multi-tasking -> Device: YES, App: YES
2013-09-05 00:12:49.998 Habitual[63334:c07] Resetting plugins due to page load.
2013-09-05 00:12:50.095 Habitual[63334:c07] Finished load of: file:///Users/travis/Library/Application%20Support/iPhone%20Simulator/6.1/Applications/0040E229-2B4D-4A5D-97F5-09D9465B0169/Habitual.app/www/index.html
Terminating in response to SpringBoard's termination.
2013-09-05 00:15:35.128 Habitual[63687:c07] Multi-tasking -> Device: YES, App: YES
2013-09-05 00:15:35.160 Habitual[63687:c07] Resetting plugins due to page load.
2013-09-05 00:15:35.235 Habitual[63687:c07] Finished load of: file:///Users/travis/Library/Application%20Support/iPhone%20Simulator/6.1/Applications/0040E229-2B4D-4A5D-97F5-09D9465B0169/Habitual.app/www/index.html
2013-09-05 11:13:32.804 Habitual[63687:c07] Resetting plugins due to page load.
2013-09-05 11:13:33.071 Habitual[63687:c07] Finished load of: file:///Users/travis/Library/Application%20Support/iPhone%20Simulator/6.1/Applications/0040E229-2B4D-4A5D-97F5-09D9465B0169/Habitual.app/www/index.html
Terminating in response to SpringBoard's termination.
2013-09-05 11:26:53.610 Habitual[64389:c07] Multi-tasking -> Device: YES, App: YES
2013-09-05 11:26:53.695 Habitual[64389:c07] Resetting plugins due to page load.
2013-09-05 11:26:53.739 Habitual[64389:c07] Finished load of: file:///Users/travis/Library/Application%20Support/iPhone%20Simulator/6.1/Applications/0040E229-2B4D-4A5D-97F5-09D9465B0169/Habitual.app/www/index.html
Terminating in response to SpringBoard's termination.
2013-09-05 11:28:55.879 Habitual[64763:c07] Multi-tasking -> Device: YES, App: YES
2013-09-05 11:28:55.928 Habitual[64763:c07] Resetting plugins due to page load.
2013-09-05 11:28:55.977 Habitual[64763:c07] Finished load of: file:///Users/travis/Library/Application%20Support/iPhone%20Simulator/6.1/Applications/0040E229-2B4D-4A5D-97F5-09D9465B0169/Habitual.app/www/index.html
Terminating in response to SpringBoard's termination.
2013-09-06 17:24:45.096 Habitual[65332:c07] Multi-tasking -> Device: YES, App: YES
2013-09-06 17:24:45.398 Habitual[65332:c07] Resetting plugins due to page load.
2013-09-06 17:24:45.502 Habitual[65332:c07] Finished load of: file:///Users/travis/Library/Application%20Support/iPhone%20Simulator/6.1/Applications/0040E229-2B4D-4A5D-97F5-09D9465B0169/Habitual.app/www/index.html
Terminating in response to SpringBoard's termination.
2013-09-06 17:33:30.271 Habitual[98264:c07] Multi-tasking -> Device: YES, App: YES
2013-09-06 17:33:31.761 Habitual[98264:c07] Resetting plugins due to page load.
2013-09-06 17:33:32.264 Habitual[98264:c07] Finished load of: file:///Users/travisfavaron/Library/Application%20Support/iPhone%20Simulator/6.1/Applications/92D0118F-F21E-4269-BE87-6F86332F3369/Habitual.app/www/index.html
2013-09-08 16:19:37.440 Habitual[8136:c07] Multi-tasking -> Device: YES, App: YES
2013-09-08 16:19:38.033 Habitual[8136:c07] Resetting plugins due to page load.
2013-09-08 16:19:39.944 Habitual[8136:c07] Finished load of: file:///Users/travisfavaron/Library/Application%20Support/iPhone%20Simulator/6.1/Applications/92D0118F-F21E-4269-BE87-6F86332F3369/Habitual.app/www/index.html
2013-09-08 16:35:33.377 Habitual[9210:c07] Multi-tasking -> Device: YES, App: YES
2013-09-08 16:35:33.952 Habitual[9210:c07] Resetting plugins due to page load.
2013-09-08 16:35:36.042 Habitual[9210:c07] Finished load of: file:///Users/travisfavaron/Library/Application%20Support/iPhone%20Simulator/6.1/Applications/92D0118F-F21E-4269-BE87-6F86332F3369/Habitual.app/www/index.html
Terminating in response to SpringBoard's termination.
2013-09-08 18:52:26.264 Habitual[10262:c07] Multi-tasking -> Device: YES, App: YES
2013-09-08 18:52:26.451 Habitual[10262:c07] Resetting plugins due to page load.
2013-09-08 18:52:26.743 Habitual[10262:c07] Finished load of: file:///Users/travisfavaron/Library/Application%20Support/iPhone%20Simulator/6.1/Applications/92D0118F-F21E-4269-BE87-6F86332F3369/Habitual.app/www/index.html
Terminating in response to SpringBoard's termination.
2013-09-08 19:25:54.404 Habitual[11212:c07] Multi-tasking -> Device: YES, App: YES
2013-09-08 19:25:54.610 Habitual[11212:c07] Resetting plugins due to page load.
2013-09-08 19:25:54.759 Habitual[11212:c07] Finished load of: file:///Users/travisfavaron/Library/Application%20Support/iPhone%20Simulator/6.1/Applications/92D0118F-F21E-4269-BE87-6F86332F3369/Habitual.app/www/index.html
